<?xml version="1.0" encoding="UTF-8"?>
<testsuite xmlns:xsi="http://www.w3.org/2001/XMLSchema-instance" xsi:noNamespaceSchemaLocation="https://maven.apache.org/surefire/maven-surefire-plugin/xsd/surefire-test-report-3.0.xsd" version="3.0" name="se.su.inlupp.GraphTest" time="0.142" tests="33" errors="0" skipped="0" failures="0">
  <properties>
[...]
</properties>
  <testcase name="__version" classname="se.su.inlupp.GraphTest" time="0.028">
    <system-out><![CDATA[Test version 2.4 (2025-03-21)
]]></system-out>
  </testcase>
  <testcase name="test00_genericGraphAcceptsDifferentNodeTypes" classname="se.su.inlupp.GraphTest" time="0.003"/>
  <testcase name="test00_newGraphIsEmptyGraph" classname="se.su.inlupp.GraphTest" time="0.001"/>
  <testcase name="test01_add(String)[1]" classname="se.su.inlupp.GraphTest" time="0.003"/>
  <testcase name="test01_add(String)[2]" classname="se.su.inlupp.GraphTest" time="0.0"/>
  <testcase name="test01_add(String)[3]" classname="se.su.inlupp.GraphTest" time="0.0"/>
  <testcase name="test04_remove_existing_node_with_edge" classname="se.su.inlupp.GraphTest" time="0.003"/>
  <testcase name="test04_remove_nonexisting_node" classname="se.su.inlupp.GraphTest" time="0.003"/>
  <testcase name="test05_getNodes" classname="se.su.inlupp.GraphTest" time="0.001"/>
  <testcase name="test06_connect_existing_nodes_with_edge" classname="se.su.inlupp.GraphTest" time="0.001"/>
  <testcase name="test06_connect_existing_nodes_without_edge" classname="se.su.inlupp.GraphTest" time="0.001"/>
  <testcase name="test06_connect_negative_weight" classname="se.su.inlupp.GraphTest" time="0.0"/>
  <testcase name="test06_connect_non_existing_nodes" classname="se.su.inlupp.GraphTest" time="0.001"/>
  <testcase name="test07_disconnect" classname="se.su.inlupp.GraphTest" time="0.001"/>
  <testcase name="test07_disconnect_missing_node" classname="se.su.inlupp.GraphTest" time="0.001"/>
  <testcase name="test07_disconnect_no_connection" classname="se.su.inlupp.GraphTest" time="0.001"/>
  <testcase name="test08_getEdgeBetween_existing_edge" classname="se.su.inlupp.GraphTest" time="0.001"/>
  <testcase name="test08_getEdgeBetween_missing_node" classname="se.su.inlupp.GraphTest" time="0.0"/>
  <testcase name="test08_getEdgeBetween_nonexisting_edge" classname="se.su.inlupp.GraphTest" time="0.0"/>
  <testcase name="test09_getEdgesFrom_existing_node_with_edges" classname="se.su.inlupp.GraphTest" time="0.001"/>
  <testcase name="test09_getEdgesFrom_existing_node_without_edges" classname="se.su.inlupp.GraphTest" time="0.0"/>
  <testcase name="test09_getEdgesFrom_non_existing_node" classname="se.su.inlupp.GraphTest" time="0.001"/>
  <testcase name="test10_pathExists_existing_nodes_with_valid_path" classname="se.su.inlupp.GraphTest" time="0.001"/>
  <testcase name="test10_pathExists_existing_nodes_without_valid_path" classname="se.su.inlupp.GraphTest" time="0.001"/>
  <testcase name="test10_pathExists_non_existing_nodes" classname="se.su.inlupp.GraphTest" time="0.001"/>
  <testcase name="test11_getPath_existing_path" classname="se.su.inlupp.GraphTest" time="0.001"/>
  <testcase name="test11_getPath_non_existing_path" classname="se.su.inlupp.GraphTest" time="0.0"/>
  <testcase name="test12_setConnectionWeight_invalid_weight" classname="se.su.inlupp.GraphTest" time="0.001"/>
  <testcase name="test12_setConnectionWeight_invalid_node" classname="se.su.inlupp.GraphTest" time="0.0"/>
  <testcase name="test12_setConnectionWeight_valid_edge" classname="se.su.inlupp.GraphTest" time="0.001"/>
  <testcase name="test13_edgeToString_valid_edge" classname="se.su.inlupp.GraphTest" time="0.003"/>
  <testcase name="test14_graphToString" classname="se.su.inlupp.GraphTest" time="0.001"/>
  <testcase name="test15_edgeSetWeight" classname="se.su.inlupp.GraphTest" time="0.001"/>
</testsuite>